12-14 15:34:46 com_github_MitjaNemec_PlaceFootprints.action_place_footprints 674:Plugin executed on: 'linux'
12-14 15:34:46 com_github_MitjaNemec_PlaceFootprints.action_place_footprints 675:Plugin executed with python version: '3.13.11 (main, Dec  7 2025, 13:01:45) [GCC 15.2.1 20251112]'
12-14 15:34:46 com_github_MitjaNemec_PlaceFootprints.action_place_footprints 676:KiCad build version: 9.0.6
12-14 15:34:46 com_github_MitjaNemec_PlaceFootprints.action_place_footprints 677:Plugin version: 4.0.1
12-14 15:34:46 com_github_MitjaNemec_PlaceFootprints.action_place_footprints 678:Frame repr: <wx._core.Frame object at 0x7f1a09ade7b0>
12-14 15:34:46 com_github_MitjaNemec_PlaceFootprints.place_footprints 121:getting a list of all footprints on board
12-14 15:34:46 com_github_MitjaNemec_PlaceFootprints.place_footprints 156:Footprint J1 on root level
12-14 15:34:46 com_github_MitjaNemec_PlaceFootprints.action_place_footprints 717:Reference footprint='P7'
12-14 15:34:48 com_github_MitjaNemec_PlaceFootprints.action_place_footprints 858:Reference designator is: P
12-14 15:34:48 com_github_MitjaNemec_PlaceFootprints.action_place_footprints 859:Reference number is: 7
12-14 15:34:48 com_github_MitjaNemec_PlaceFootprints.action_place_footprints 891:Sorted and filtered list:
['P1', 'P2', 'P3', 'P4', 'P5', 'P6', 'P7', 'P8', 'P9', 'P10', 'P11', 'P12', 'P13', 'P14', 'P15', 'P16']
12-14 15:34:48 com_github_MitjaNemec_PlaceFootprints.action_place_footprints 376:wx.Colour(32, 35, 38, 255)
12-14 15:34:50 com_github_MitjaNemec_PlaceFootprints.action_place_footprints 507:'68'
12-14 15:34:50 com_github_MitjaNemec_PlaceFootprints.action_place_footprints 559:Preparing config for reference circular
12-14 15:34:50 com_github_MitjaNemec_PlaceFootprints.action_place_footprints 573:Saving config file
12-14 15:34:50 com_github_MitjaNemec_PlaceFootprints.action_place_footprints 575:Saved the config file
12-14 15:34:50 com_github_MitjaNemec_PlaceFootprints.action_place_footprints 929:Footprints to place:
['P1', 'P2', 'P3', 'P4', 'P5', 'P6', 'P7', 'P8', 'P9', 'P10', 'P11', 'P12', 'P13', 'P14', 'P15', 'P16']
12-14 15:34:50 com_github_MitjaNemec_PlaceFootprints.place_footprints 359:Starting placing with circular layout
12-14 15:34:50 com_github_MitjaNemec_PlaceFootprints.place_footprints 369:reference footprint position at: VECTOR2I(80645000, 27305000)
12-14 15:34:50 com_github_MitjaNemec_PlaceFootprints.place_footprints 374:rotation center at: (80645000, 95305000.0)
12-14 15:34:50 com_github_MitjaNemec_PlaceFootprints.place_footprints 506:Text of: P7 has property "Keep upright" rotation might not look as intended
12-14 15:34:50 com_github_MitjaNemec_PlaceFootprints.place_footprints 506:Text of: P7 has property "Keep upright" rotation might not look as intended
12-14 15:34:50 com_github_MitjaNemec_PlaceFootprints.place_footprints 506:Text of: P7 has property "Keep upright" rotation might not look as intended
12-14 15:34:50 com_github_MitjaNemec_PlaceFootprints.place_footprints 506:Text of: P7 has property "Keep upright" rotation might not look as intended
12-14 15:34:50 com_github_MitjaNemec_PlaceFootprints.place_footprints 506:Text of: P7 has property "Keep upright" rotation might not look as intended
12-14 15:34:50 com_github_MitjaNemec_PlaceFootprints.place_footprints 506:Text of: P7 has property "Keep upright" rotation might not look as intended
12-14 15:34:50 com_github_MitjaNemec_PlaceFootprints.place_footprints 506:Text of: P7 has property "Keep upright" rotation might not look as intended
12-14 15:34:50 com_github_MitjaNemec_PlaceFootprints.place_footprints 506:Text of: P7 has property "Keep upright" rotation might not look as intended
12-14 15:34:50 com_github_MitjaNemec_PlaceFootprints.place_footprints 506:Text of: P7 has property "Keep upright" rotation might not look as intended
12-14 15:34:50 com_github_MitjaNemec_PlaceFootprints.place_footprints 506:Text of: P7 has property "Keep upright" rotation might not look as intended
12-14 15:34:50 com_github_MitjaNemec_PlaceFootprints.place_footprints 506:Text of: P7 has property "Keep upright" rotation might not look as intended
12-14 15:34:50 com_github_MitjaNemec_PlaceFootprints.place_footprints 506:Text of: P7 has property "Keep upright" rotation might not look as intended
12-14 15:34:50 com_github_MitjaNemec_PlaceFootprints.place_footprints 506:Text of: P7 has property "Keep upright" rotation might not look as intended
12-14 15:34:50 com_github_MitjaNemec_PlaceFootprints.place_footprints 506:Text of: P7 has property "Keep upright" rotation might not look as intended
12-14 15:34:50 com_github_MitjaNemec_PlaceFootprints.place_footprints 506:Text of: P7 has property "Keep upright" rotation might not look as intended
12-14 15:34:50 com_github_MitjaNemec_PlaceFootprints.place_footprints 506:Text of: P7 has property "Keep upright" rotation might not look as intended
12-14 15:34:50 com_github_MitjaNemec_PlaceFootprints.place_footprints 506:Text of: P7 has property "Keep upright" rotation might not look as intended
12-14 15:34:50 com_github_MitjaNemec_PlaceFootprints.place_footprints 506:Text of: P7 has property "Keep upright" rotation might not look as intended
12-14 15:34:50 com_github_MitjaNemec_PlaceFootprints.place_footprints 506:Text of: P7 has property "Keep upright" rotation might not look as intended
12-14 15:34:50 com_github_MitjaNemec_PlaceFootprints.place_footprints 506:Text of: P7 has property "Keep upright" rotation might not look as intended
12-14 15:34:50 com_github_MitjaNemec_PlaceFootprints.place_footprints 506:Text of: P7 has property "Keep upright" rotation might not look as intended
12-14 15:34:50 com_github_MitjaNemec_PlaceFootprints.place_footprints 506:Text of: P7 has property "Keep upright" rotation might not look as intended
12-14 15:34:50 com_github_MitjaNemec_PlaceFootprints.place_footprints 506:Text of: P7 has property "Keep upright" rotation might not look as intended
12-14 15:34:50 com_github_MitjaNemec_PlaceFootprints.place_footprints 506:Text of: P7 has property "Keep upright" rotation might not look as intended
12-14 15:34:50 com_github_MitjaNemec_PlaceFootprints.place_footprints 506:Text of: P7 has property "Keep upright" rotation might not look as intended
12-14 15:34:50 com_github_MitjaNemec_PlaceFootprints.place_footprints 506:Text of: P7 has property "Keep upright" rotation might not look as intended
12-14 15:34:50 com_github_MitjaNemec_PlaceFootprints.place_footprints 506:Text of: P7 has property "Keep upright" rotation might not look as intended
12-14 15:34:50 com_github_MitjaNemec_PlaceFootprints.place_footprints 506:Text of: P7 has property "Keep upright" rotation might not look as intended
12-14 15:34:50 com_github_MitjaNemec_PlaceFootprints.place_footprints 506:Text of: P7 has property "Keep upright" rotation might not look as intended
12-14 15:34:50 com_github_MitjaNemec_PlaceFootprints.place_footprints 506:Text of: P7 has property "Keep upright" rotation might not look as intended
12-14 15:34:50 com_github_MitjaNemec_PlaceFootprints.place_footprints 506:Text of: P7 has property "Keep upright" rotation might not look as intended
12-14 15:34:50 com_github_MitjaNemec_PlaceFootprints.place_footprints 506:Text of: P7 has property "Keep upright" rotation might not look as intended
12-14 15:34:50 com_github_MitjaNemec_PlaceFootprints.place_footprints 506:Text of: P7 has property "Keep upright" rotation might not look as intended
12-14 15:34:50 com_github_MitjaNemec_PlaceFootprints.place_footprints 506:Text of: P7 has property "Keep upright" rotation might not look as intended
12-14 15:34:50 com_github_MitjaNemec_PlaceFootprints.place_footprints 506:Text of: P7 has property "Keep upright" rotation might not look as intended
12-14 15:34:50 com_github_MitjaNemec_PlaceFootprints.place_footprints 506:Text of: P7 has property "Keep upright" rotation might not look as intended
12-14 15:34:50 com_github_MitjaNemec_PlaceFootprints.place_footprints 506:Text of: P7 has property "Keep upright" rotation might not look as intended
12-14 15:34:50 com_github_MitjaNemec_PlaceFootprints.place_footprints 506:Text of: P7 has property "Keep upright" rotation might not look as intended
12-14 15:34:50 com_github_MitjaNemec_PlaceFootprints.place_footprints 506:Text of: P7 has property "Keep upright" rotation might not look as intended
12-14 15:34:50 com_github_MitjaNemec_PlaceFootprints.place_footprints 506:Text of: P7 has property "Keep upright" rotation might not look as intended
12-14 15:34:50 com_github_MitjaNemec_PlaceFootprints.place_footprints 506:Text of: P7 has property "Keep upright" rotation might not look as intended
12-14 15:34:50 com_github_MitjaNemec_PlaceFootprints.place_footprints 506:Text of: P7 has property "Keep upright" rotation might not look as intended
12-14 15:34:50 com_github_MitjaNemec_PlaceFootprints.place_footprints 506:Text of: P7 has property "Keep upright" rotation might not look as intended
12-14 15:34:50 com_github_MitjaNemec_PlaceFootprints.place_footprints 506:Text of: P7 has property "Keep upright" rotation might not look as intended
12-14 15:34:50 com_github_MitjaNemec_PlaceFootprints.place_footprints 506:Text of: P7 has property "Keep upright" rotation might not look as intended
12-14 15:34:50 com_github_MitjaNemec_PlaceFootprints.place_footprints 506:Text of: P7 has property "Keep upright" rotation might not look as intended
12-14 15:34:50 com_github_MitjaNemec_PlaceFootprints.place_footprints 506:Text of: P7 has property "Keep upright" rotation might not look as intended
12-14 15:34:50 com_github_MitjaNemec_PlaceFootprints.place_footprints 506:Text of: P7 has property "Keep upright" rotation might not look as intended
12-14 15:34:50 com_github_MitjaNemec_PlaceFootprints.place_footprints 506:Text of: P7 has property "Keep upright" rotation might not look as intended
12-14 15:34:50 com_github_MitjaNemec_PlaceFootprints.place_footprints 506:Text of: P7 has property "Keep upright" rotation might not look as intended
12-14 15:34:50 com_github_MitjaNemec_PlaceFootprints.place_footprints 506:Text of: P7 has property "Keep upright" rotation might not look as intended
12-14 15:34:50 com_github_MitjaNemec_PlaceFootprints.place_footprints 506:Text of: P7 has property "Keep upright" rotation might not look as intended
12-14 15:34:50 com_github_MitjaNemec_PlaceFootprints.place_footprints 506:Text of: P7 has property "Keep upright" rotation might not look as intended
12-14 15:34:50 com_github_MitjaNemec_PlaceFootprints.place_footprints 506:Text of: P7 has property "Keep upright" rotation might not look as intended
12-14 15:34:50 com_github_MitjaNemec_PlaceFootprints.place_footprints 506:Text of: P7 has property "Keep upright" rotation might not look as intended
12-14 15:34:50 com_github_MitjaNemec_PlaceFootprints.place_footprints 506:Text of: P7 has property "Keep upright" rotation might not look as intended
12-14 15:34:50 com_github_MitjaNemec_PlaceFootprints.place_footprints 506:Text of: P7 has property "Keep upright" rotation might not look as intended
12-14 15:34:50 com_github_MitjaNemec_PlaceFootprints.place_footprints 506:Text of: P7 has property "Keep upright" rotation might not look as intended
12-14 15:34:50 com_github_MitjaNemec_PlaceFootprints.place_footprints 506:Text of: P7 has property "Keep upright" rotation might not look as intended
12-14 15:34:50 com_github_MitjaNemec_PlaceFootprints.place_footprints 506:Text of: P7 has property "Keep upright" rotation might not look as intended
12-14 15:34:50 com_github_MitjaNemec_PlaceFootprints.place_footprints 506:Text of: P7 has property "Keep upright" rotation might not look as intended
12-14 15:34:50 com_github_MitjaNemec_PlaceFootprints.place_footprints 506:Text of: P7 has property "Keep upright" rotation might not look as intended
12-14 15:34:50 com_github_MitjaNemec_PlaceFootprints.place_footprints 506:Text of: P7 has property "Keep upright" rotation might not look as intended
12-14 15:34:50 com_github_MitjaNemec_PlaceFootprints.place_footprints 506:Text of: P7 has property "Keep upright" rotation might not look as intended
12-14 15:34:50 com_github_MitjaNemec_PlaceFootprints.place_footprints 506:Text of: P7 has property "Keep upright" rotation might not look as intended
12-14 15:34:50 com_github_MitjaNemec_PlaceFootprints.place_footprints 506:Text of: P7 has property "Keep upright" rotation might not look as intended
12-14 15:34:50 com_github_MitjaNemec_PlaceFootprints.place_footprints 506:Text of: P7 has property "Keep upright" rotation might not look as intended
12-14 15:34:50 com_github_MitjaNemec_PlaceFootprints.place_footprints 506:Text of: P7 has property "Keep upright" rotation might not look as intended
12-14 15:34:50 com_github_MitjaNemec_PlaceFootprints.place_footprints 506:Text of: P7 has property "Keep upright" rotation might not look as intended
12-14 15:34:50 com_github_MitjaNemec_PlaceFootprints.place_footprints 506:Text of: P7 has property "Keep upright" rotation might not look as intended
12-14 15:34:50 com_github_MitjaNemec_PlaceFootprints.place_footprints 506:Text of: P7 has property "Keep upright" rotation might not look as intended
12-14 15:34:50 com_github_MitjaNemec_PlaceFootprints.place_footprints 506:Text of: P7 has property "Keep upright" rotation might not look as intended
12-14 15:34:50 com_github_MitjaNemec_PlaceFootprints.place_footprints 506:Text of: P7 has property "Keep upright" rotation might not look as intended
12-14 15:34:50 com_github_MitjaNemec_PlaceFootprints.place_footprints 506:Text of: P7 has property "Keep upright" rotation might not look as intended
12-14 15:34:50 com_github_MitjaNemec_PlaceFootprints.place_footprints 506:Text of: P7 has property "Keep upright" rotation might not look as intended
12-14 15:34:50 com_github_MitjaNemec_PlaceFootprints.action_place_footprints 944:Placing complete
